<?xml version="1.0" encoding="UTF-8"?>
<!-- Generated by org.testng.reporters.JUnitReportReporter -->
<testsuite hostname="VishnuKrishnan" failures="0" tests="5" name="TestCase.TC003_LoginTestDDT" time="43.722" errors="0" timestamp="2024-12-03T15:58:58 IST" skipped="0">
  <testcase classname="TestCase.TC003_LoginTestDDT" name="verify_loginDDT" time="10.154"/>
  <testcase classname="TestCase.TC003_LoginTestDDT" name="verify_loginDDT" time="6.324"/>
  <testcase classname="TestCase.TC003_LoginTestDDT" name="verify_loginDDT" time="10.697"/>
  <testcase classname="TestCase.TC003_LoginTestDDT" name="verify_loginDDT" time="10.214"/>
  <testcase classname="TestCase.TC003_LoginTestDDT" name="verify_loginDDT" time="6.333"/>
</testsuite> <!-- TestCase.TC003_LoginTestDDT -->
