<?xml version="1.0" encoding="UTF-8"?>
<!-- Generated by org.testng.reporters.JUnitReportReporter -->
<testsuite hostname="VishnuKrishnan" failures="0" tests="1" name="TestCase.TC001_AccountRegistrationTest" time="2.106" errors="0" timestamp="2024-12-16T15:59:09 IST" skipped="0">
  <testcase classname="TestCase.TC001_AccountRegistrationTest" name="Verify_account_registration" time="2.106"/>
</testsuite> <!-- TestCase.TC001_AccountRegistrationTest -->
