<?xml version="1.0" encoding="UTF-8"?>
<!-- Generated by org.testng.reporters.JUnitReportReporter -->
<testsuite hostname="VishnuKrishnan" failures="0" tests="1" name="TestCase.TC002_LoginTest" time="4.718" errors="0" timestamp="2024-12-16T15:59:09 IST" skipped="0">
  <testcase classname="TestCase.TC002_LoginTest" name="verify_login" time="4.718"/>
</testsuite> <!-- TestCase.TC002_LoginTest -->
